<?xml version="1.0" encoding="UTF-8"?>
<!-- Generated by org.testng.reporters.JUnitXMLReporter -->
<testsuite ignored="0" hostname="Harry" failures="1" tests="1" name="ChromeTest" time="3.412" errors="0" timestamp="2024-12-26T12:54:54 IST">
  <testcase classname="LearningListener.Task1" name="m1" time="0.011">
    <failure type="java.lang.AssertionError" message="null">
      <![CDATA[java.lang.AssertionError: null
at LearningListener.Task1.m1(Task1.java:16)
at java.base/java.util.ArrayList.forEach(ArrayList.java:1511)
... Removed 29 stack frames]]>
    </failure>
  </testcase> <!-- m1 -->
</testsuite> <!-- ChromeTest -->
