<?xml version="1.0" encoding="UTF-8"?>
<testng-results ignored="0" total="1" passed="1" failed="0" skipped="0">
  <reporter-output>
  </reporter-output>
  <suite started-at="2024-12-27T12:52:18 IST" name="Default suite" finished-at="2024-12-27T12:52:29 IST" duration-ms="11604">
    <groups>
    </groups>
    <test started-at="2024-12-27T12:52:18 IST" name="Default test" finished-at="2024-12-27T12:52:29 IST" duration-ms="11604">
      <class name="LearningWindow.OpeningNewWindow">
        <test-method signature="m1()[pri:0, instance:LearningWindow.OpeningNewWindow@21282ed8]" started-at="2024-12-27T12:52:18 IST" name="m1" finished-at="2024-12-27T12:52:29 IST" duration-ms="11497" status="PASS">
          <reporter-output>
          </reporter-output>
        </test-method> <!-- m1 -->
      </class> <!-- LearningWindow.OpeningNewWindow -->
    </test> <!-- Default test -->
  </suite> <!-- Default suite -->
</testng-results>
