<?xml version="1.0" encoding="UTF-8"?>
<!-- Generated by org.testng.reporters.JUnitXMLReporter -->
<testsuite ignored="0" hostname="Harry" failures="0" tests="6" name="ChromeTest4" time="48.656" errors="0" timestamp="2024-12-12T13:14:48 IST">
  <testcase classname="LearningBatchExecution.VerifyUserAbleToAddProduct" name="addFirstProduct" time="0.691"/>
  <testcase classname="LearningBatchExecution.VerifyUserAbleToAddProduct" name="addSecondProduct" time="0.586"/>
  <testcase classname="LearningBatchExecution.VerifyUserAbleToAddProduct" name="addThirdProduct" time="0.433"/>
  <testcase classname="LearningBatchExecution.VerifyUserAbleToRemoveProduct" name="removeFirstProduct" time="5.208"/>
  <testcase classname="LearningBatchExecution.VerifyUserAbleToRemoveProduct" name="removeSecondProduct" time="5.121"/>
  <testcase classname="LearningBatchExecution.VerifyUserAbleToRemoveProduct" name="removeThirdProduct" time="4.312"/>
</testsuite> <!-- ChromeTest4 -->
