<?xml version="1.0" encoding="UTF-8"?>
<!-- Generated by org.testng.reporters.JUnitXMLReporter -->
<testsuite ignored="0" hostname="Harry" failures="0" tests="3" name="ChromeTest1" time="11.075" errors="0" timestamp="2024-12-12T13:36:21 GMT+05:30">
  <testcase classname="LearningBatchExecution.VerifyUserAbleToAddProduct" name="addFirstProduct" time="0.444"/>
  <testcase classname="LearningBatchExecution.VerifyUserAbleToAddProduct" name="addSecondProduct" time="0.22"/>
  <testcase classname="LearningBatchExecution.VerifyUserAbleToAddProduct" name="addThirdProduct" time="0.167"/>
</testsuite> <!-- ChromeTest1 -->
