<?xml version="1.0" encoding="UTF-8"?>
<!-- Generated by org.testng.reporters.JUnitXMLReporter -->
<testsuite ignored="0" hostname="Harry" failures="0" tests="6" name="ChromeTest5" time="46.653" errors="0" timestamp="2024-12-12T13:14:46 IST">
  <testcase classname="LearningBatchExecution.VerifyUserAbleToAddProduct" name="addFirstProduct" time="0.799"/>
  <testcase classname="LearningBatchExecution.VerifyUserAbleToAddProduct" name="addSecondProduct" time="0.664"/>
  <testcase classname="LearningBatchExecution.VerifyUserAbleToAddProduct" name="addThirdProduct" time="0.487"/>
  <testcase classname="LearningBatchExecution.VerifyUserAbleToRemoveProduct" name="removeFirstProduct" time="5.369"/>
  <testcase classname="LearningBatchExecution.VerifyUserAbleToRemoveProduct" name="removeSecondProduct" time="5.773"/>
  <testcase classname="LearningBatchExecution.VerifyUserAbleToRemoveProduct" name="removeThirdProduct" time="4.264"/>
</testsuite> <!-- ChromeTest5 -->
