<?xml version="1.0" encoding="UTF-8"?>
<!-- Generated by org.testng.reporters.JUnitXMLReporter -->
<testsuite ignored="2" hostname="Harry" failures="0" tests="4" name="Test" time="46.164" errors="0" timestamp="2024-12-14T13:29:19 IST">
  <testcase classname="LearningBatchExecution.VerifyUserAbleToAddProduct" name="addSecondProduct" time="0.604"/>
  <testcase classname="LearningBatchExecution.VerifyUserAbleToAddProduct" name="addThirdProduct" time="0.84"/>
  <testcase classname="LearningBatchExecution.VerifyUserAbleToRemoveProduct" name="removeSecondProduct" time="5.176"/>
  <testcase classname="LearningBatchExecution.VerifyUserAbleToRemoveProduct" name="removeThirdProduct" time="5.129"/>
  <testcase classname="LearningBatchExecution.VerifyUserAbleToRemoveProduct" name="removeFirstProduct" time="0.0">
    <ignored/>
  </testcase> <!-- removeFirstProduct -->
  <testcase classname="LearningBatchExecution.VerifyUserAbleToAddProduct" name="addFirstProduct" time="0.0">
    <ignored/>
  </testcase> <!-- addFirstProduct -->
</testsuite> <!-- Test -->
